<?xml version="1.0" encoding="UTF-8"?>
<testsuite name="com.matchesfashion.filter.FilterAPITest" tests="3" skipped="0" failures="0" errors="0" timestamp="2021-12-05T20:37:33" hostname="iMac-Daniel" time="0.048">
  <properties/>
  <testcase name="should_filter_products_by_name()" classname="com.matchesfashion.filter.FilterAPITest" time="0.036"/>
  <testcase name="should_filter_products_by_attribute()" classname="com.matchesfashion.filter.FilterAPITest" time="0.003"/>
  <testcase name="should_filter_products_by_attribute_operator()" classname="com.matchesfashion.filter.FilterAPITest" time="0.004"/>
  <system-out><![CDATA[]]></system-out>
  <system-err><![CDATA[]]></system-err>
</testsuite>
